<?xml version="1.0" encoding="UTF-8"?>
<!-- Generated by org.testng.reporters.JUnitXMLReporter -->
<testsuite ignored="0" hostname="DESKTOP-UDQRS1F" failures="0" tests="3" name="Surefire test" time="45.414" errors="0" timestamp="2024-10-14T20:04:23 IST">
  <testcase classname="SoftwareTesting.AutomationProject.Test.StandaloneTest" name="submitOrder" time="14.669"/>
  <testcase classname="SoftwareTesting.AutomationProject.Test.StandaloneTest" name="submitOrder" time="20.243"/>
  <testcase classname="SoftwareTesting.AutomationProject.Test.StandaloneTest" name="OrderHistoryTest" time="0.928"/>
</testsuite> <!-- Surefire test -->
