<?xml version="1.0" encoding="UTF-8"?>
<!-- Generated by org.testng.reporters.JUnitXMLReporter -->
<testsuite ignored="0" hostname="DESKTOP-UDQRS1F" failures="0" tests="2" name="Error Validation Test" time="21.322" errors="0" timestamp="2024-09-27T15:19:28 IST">
  <testcase classname="SoftwareTesting.AutomationProject.Test.ErrorValidations" name="ProductErrorValidation" time="15.168"/>
  <testcase classname="SoftwareTesting.AutomationProject.Test.ErrorValidations" name="submitOrder" time="0.57"/>
</testsuite> <!-- Error Validation Test -->
