<?xml version="1.0" encoding="UTF-8"?>
<!-- Generated by org.testng.reporters.JUnitXMLReporter -->
<testsuite ignored="1" hostname="DESKTOP-UDQRS1F" failures="2" tests="2" name="Standalone Test" time="0.108" errors="0" timestamp="2024-09-27T16:04:21 IST">
  <testcase classname="SoftwareTesting.AutomationProject.Test.StandaloneTest" name="submitOrder" time="0.04">
    <failure type="java.lang.NullPointerException" message="Cannot invoke &amp;quot;SoftwareTesting.AutomationProject.LandingPage.LoginApplication(String, String)&amp;quot; because &amp;quot;this.landingpage&amp;quot; is null">
      <![CDATA[java.lang.NullPointerException: Cannot invoke "SoftwareTesting.AutomationProject.LandingPage.LoginApplication(String, String)" because "this.landingpage" is null
at SoftwareTesting.AutomationProject.Test.StandaloneTest.submitOrder(StandaloneTest.java:39)
at java.base/java.util.ArrayList.forEach(ArrayList.java:1596)
at java.base/java.util.concurrent.FutureTask.run(FutureTask.java:317)
at java.base/java.util.concurrent.ThreadPoolExecutor.runWorker(ThreadPoolExecutor.java:1144)
at java.base/java.util.concurrent.ThreadPoolExecutor$Worker.run(ThreadPoolExecutor.java:642)
at java.base/java.lang.Thread.run(Thread.java:1583)
... Removed 15 stack frames]]>
    </failure>
  </testcase> <!-- submitOrder -->
  <testcase classname="SoftwareTesting.AutomationProject.Test.StandaloneTest" name="submitOrder" time="0.003">
    <failure type="java.lang.NullPointerException" message="Cannot invoke &amp;quot;SoftwareTesting.AutomationProject.LandingPage.LoginApplication(String, String)&amp;quot; because &amp;quot;this.landingpage&amp;quot; is null">
      <![CDATA[java.lang.NullPointerException: Cannot invoke "SoftwareTesting.AutomationProject.LandingPage.LoginApplication(String, String)" because "this.landingpage" is null
at SoftwareTesting.AutomationProject.Test.StandaloneTest.submitOrder(StandaloneTest.java:39)
at java.base/java.util.ArrayList.forEach(ArrayList.java:1596)
at java.base/java.util.concurrent.FutureTask.run(FutureTask.java:317)
at java.base/java.util.concurrent.ThreadPoolExecutor.runWorker(ThreadPoolExecutor.java:1144)
at java.base/java.util.concurrent.ThreadPoolExecutor$Worker.run(ThreadPoolExecutor.java:642)
at java.base/java.lang.Thread.run(Thread.java:1583)
... Removed 15 stack frames]]>
    </failure>
  </testcase> <!-- submitOrder -->
  <testcase classname="SoftwareTesting.AutomationProject.Test.StandaloneTest" name="OrderHistoryTest" time="0.0">
    <ignored/>
  </testcase> <!-- OrderHistoryTest -->
</testsuite> <!-- Standalone Test -->
