<?xml version="1.0" encoding="UTF-8"?>
<!-- Generated by org.testng.reporters.JUnitXMLReporter -->
<testsuite ignored="0" hostname="DESKTOP-UDQRS1F" failures="0" tests="2" name="Error Validation Test" time="21.259" errors="0" timestamp="2024-10-11T00:50:15 IST">
  <testcase classname="SoftwareTesting.AutomationProject.Test.ErrorValidations" name="ProductErrorValidation" time="13.931"/>
  <testcase classname="SoftwareTesting.AutomationProject.Test.ErrorValidations" name="submitOrder" time="1.081"/>
</testsuite> <!-- Error Validation Test -->
