<?xml version="1.0" encoding="UTF-8"?>
<!-- Generated by org.testng.reporters.JUnitXMLReporter -->
<testsuite ignored="0" hostname="DESKTOP-UDQRS1F" failures="0" tests="3" name="Standalone Test" time="38.29" errors="0" timestamp="2024-10-11T00:50:32 IST">
  <testcase classname="SoftwareTesting.AutomationProject.Test.StandaloneTest" name="submitOrder" time="15.028"/>
  <testcase classname="SoftwareTesting.AutomationProject.Test.StandaloneTest" name="submitOrder" time="14.479"/>
  <testcase classname="SoftwareTesting.AutomationProject.Test.StandaloneTest" name="OrderHistoryTest" time="0.629"/>
</testsuite> <!-- Standalone Test -->
